f:\programacion\gameengine\voltengine\qteditor\x64\debug\qteditor.obj
f:\programacion\gameengine\voltengine\qteditor\x64\debug\main.obj
f:\programacion\gameengine\voltengine\qteditor\x64\debug\vc142.pdb
f:\programacion\gameengine\voltengine\qteditor\x64\debug\qrc_qteditor.obj
f:\programacion\gameengine\voltengine\qteditor\x64\debug\moc_qteditor.obj
f:\programacion\gameengine\voltengine\qteditor\x64\debug\moc\moc_qteditor.cpp
f:\programacion\gameengine\voltengine\qteditor\x64\debug\uic\ui_qteditor.h
f:\programacion\gameengine\voltengine\qteditor\x64\debug\rcc\qrc_qteditor.cpp
f:\programacion\gameengine\voltengine\x64\debug\qteditor.pdb
f:\programacion\gameengine\voltengine\qteditor\x64\debug\qteditor.tlog\cl.command.1.tlog
f:\programacion\gameengine\voltengine\qteditor\x64\debug\qteditor.tlog\cl.read.1.tlog
f:\programacion\gameengine\voltengine\qteditor\x64\debug\qteditor.tlog\cl.write.1.tlog
f:\programacion\gameengine\voltengine\qteditor\x64\debug\qteditor.tlog\link-cvtres.read.1.tlog
f:\programacion\gameengine\voltengine\qteditor\x64\debug\qteditor.tlog\link-cvtres.write.1.tlog
f:\programacion\gameengine\voltengine\qteditor\x64\debug\qteditor.tlog\link-rc.read.1.tlog
f:\programacion\gameengine\voltengine\qteditor\x64\debug\qteditor.tlog\link-rc.write.1.tlog
f:\programacion\gameengine\voltengine\qteditor\x64\debug\qteditor.tlog\link.command.1.tlog
f:\programacion\gameengine\voltengine\qteditor\x64\debug\qteditor.tlog\link.read.1.tlog
f:\programacion\gameengine\voltengine\qteditor\x64\debug\qteditor.tlog\link.write.1.tlog
f:\programacion\gameengine\voltengine\qteditor\x64\debug\qteditor.tlog\moc.read.1u.tlog
f:\programacion\gameengine\voltengine\qteditor\x64\debug\qteditor.tlog\moc.write.1u.tlog
f:\programacion\gameengine\voltengine\qteditor\x64\debug\qteditor.tlog\qteditor.write.1u.tlog
f:\programacion\gameengine\voltengine\qteditor\x64\debug\qteditor.tlog\rcc.read.1u.tlog
f:\programacion\gameengine\voltengine\qteditor\x64\debug\qteditor.tlog\rcc.write.1u.tlog
f:\programacion\gameengine\voltengine\qteditor\x64\debug\qteditor.tlog\uic.read.1u.tlog
f:\programacion\gameengine\voltengine\qteditor\x64\debug\qteditor.tlog\uic.write.1u.tlog
